[Thu Oct 29 17:27:09 MDT 2020] - INFO test.java.passoff.ServerTest: 	Setting up Persistence Test...
[Thu Oct 29 17:27:09 MDT 2020] - INFO client.Proxy: 	Clear called
[Thu Oct 29 17:27:09 MDT 2020] - INFO client.Client: 	Post without Request Body called
[Thu Oct 29 17:27:09 MDT 2020] - INFO client.Client: 	Attempting to open connection to server
[Thu Oct 29 17:27:09 MDT 2020] - INFO client.Client: 	Connection opened to server
[Thu Oct 29 17:27:09 MDT 2020] - INFO client.Client: 	Setting passoffrequest method to POST
[Thu Oct 29 17:27:09 MDT 2020] - INFO client.Client: 	Request method set to POST
[Thu Oct 29 17:27:09 MDT 2020] - INFO client.Client: 	Setting Do Output to true
[Thu Oct 29 17:27:09 MDT 2020] - INFO client.Client: 	Do Output set to true
[Thu Oct 29 17:27:09 MDT 2020] - INFO client.Client: 	Connecting to server
[Thu Oct 29 17:27:09 MDT 2020] - INFO client.Client: 	Connected to server
[Thu Oct 29 17:27:09 MDT 2020] - INFO client.Client: 	Getting response code from server
[Thu Oct 29 17:27:09 MDT 2020] - INFO client.Client: 	Response code 200 returned
[Thu Oct 29 17:27:09 MDT 2020] - INFO client.Client: 	Getting input stream from server
[Thu Oct 29 17:27:09 MDT 2020] - INFO client.Client: 	Reading input stream into a string
[Thu Oct 29 17:27:09 MDT 2020] - INFO test.java.passoff.ServerTest: 	Running Persistence Test...
[Thu Oct 29 17:27:09 MDT 2020] - INFO client.Proxy: 	Load called
[Thu Oct 29 17:27:09 MDT 2020] - INFO client.Client: 	Post with Request Body called
[Thu Oct 29 17:27:09 MDT 2020] - INFO client.Client: 	Attempting to open connection to server
[Thu Oct 29 17:27:09 MDT 2020] - INFO client.Client: 	Connection opened to server
[Thu Oct 29 17:27:09 MDT 2020] - INFO client.Client: 	Setting passoffrequest method to POST
[Thu Oct 29 17:27:09 MDT 2020] - INFO client.Client: 	Request method set to POST
[Thu Oct 29 17:27:09 MDT 2020] - INFO client.Client: 	Setting Do Output to true
[Thu Oct 29 17:27:09 MDT 2020] - INFO client.Client: 	Do Output set to true
[Thu Oct 29 17:27:09 MDT 2020] - INFO client.Client: 	Connecting to server
[Thu Oct 29 17:27:09 MDT 2020] - INFO client.Client: 	Connected to server
[Thu Oct 29 17:27:09 MDT 2020] - INFO client.Client: 	Opening output stream to server
[Thu Oct 29 17:27:09 MDT 2020] - INFO client.Client: 	Writing passoffrequest to server output stream
[Thu Oct 29 17:27:09 MDT 2020] - INFO client.Client: 	Request written to server output stream
[Thu Oct 29 17:27:09 MDT 2020] - INFO client.Client: 	Closing output stream to server
[Thu Oct 29 17:27:09 MDT 2020] - INFO client.Client: 	Output stream to server closed
[Thu Oct 29 17:27:09 MDT 2020] - INFO client.Client: 	Getting response code from server
[Thu Oct 29 17:27:09 MDT 2020] - INFO client.Client: 	Response code 400 returned
[Thu Oct 29 17:27:09 MDT 2020] - INFO client.Client: 	Getting input stream from server
[Thu Oct 29 17:27:09 MDT 2020] - INFO client.Client: 	Reading input stream into a string
[Thu Oct 29 17:27:09 MDT 2020] - INFO test.java.passoff.ServerTest: 	Setting up File Handler Default Test...
[Thu Oct 29 17:27:09 MDT 2020] - INFO client.Proxy: 	Clear called
[Thu Oct 29 17:27:09 MDT 2020] - INFO client.Client: 	Post without Request Body called
[Thu Oct 29 17:27:09 MDT 2020] - INFO client.Client: 	Attempting to open connection to server
[Thu Oct 29 17:27:09 MDT 2020] - INFO client.Client: 	Connection opened to server
[Thu Oct 29 17:27:09 MDT 2020] - INFO client.Client: 	Setting passoffrequest method to POST
[Thu Oct 29 17:27:09 MDT 2020] - INFO client.Client: 	Request method set to POST
[Thu Oct 29 17:27:09 MDT 2020] - INFO client.Client: 	Setting Do Output to true
[Thu Oct 29 17:27:09 MDT 2020] - INFO client.Client: 	Do Output set to true
[Thu Oct 29 17:27:09 MDT 2020] - INFO client.Client: 	Connecting to server
[Thu Oct 29 17:27:09 MDT 2020] - INFO client.Client: 	Connected to server
[Thu Oct 29 17:27:09 MDT 2020] - INFO client.Client: 	Getting response code from server
[Thu Oct 29 17:27:09 MDT 2020] - INFO client.Client: 	Response code 200 returned
[Thu Oct 29 17:27:09 MDT 2020] - INFO client.Client: 	Getting input stream from server
[Thu Oct 29 17:27:09 MDT 2020] - INFO client.Client: 	Reading input stream into a string
[Thu Oct 29 17:27:09 MDT 2020] - INFO test.java.passoff.ServerTest: 	Running File Handler Default Test...
[Thu Oct 29 17:27:09 MDT 2020] - INFO client.Proxy: 	File called
[Thu Oct 29 17:27:09 MDT 2020] - INFO client.Client: 	Get without Auth Token called
[Thu Oct 29 17:27:09 MDT 2020] - INFO client.Client: 	Attempting to open connection to server
[Thu Oct 29 17:27:09 MDT 2020] - INFO client.Client: 	Connection opened to server
[Thu Oct 29 17:27:09 MDT 2020] - INFO client.Client: 	Setting passoffrequest method to GET
[Thu Oct 29 17:27:09 MDT 2020] - INFO client.Client: 	Request method set to GET
[Thu Oct 29 17:27:09 MDT 2020] - INFO client.Client: 	Setting Do Output to false
[Thu Oct 29 17:27:09 MDT 2020] - INFO client.Client: 	Do Output set to false
[Thu Oct 29 17:27:09 MDT 2020] - INFO client.Client: 	Connecting to server
[Thu Oct 29 17:27:09 MDT 2020] - INFO client.Client: 	Connected to server
[Thu Oct 29 17:27:09 MDT 2020] - INFO client.Client: 	Getting response code from server
[Thu Oct 29 17:27:09 MDT 2020] - INFO client.Client: 	Response code 200 returned
[Thu Oct 29 17:27:09 MDT 2020] - INFO client.Client: 	Getting input stream from server
[Thu Oct 29 17:27:09 MDT 2020] - INFO client.Client: 	Reading input stream into a string
[Thu Oct 29 17:27:09 MDT 2020] - INFO test.java.passoff.ServerTest: 	Setting up Realistic Fill Death Test...
[Thu Oct 29 17:27:09 MDT 2020] - INFO client.Proxy: 	Clear called
[Thu Oct 29 17:27:09 MDT 2020] - INFO client.Client: 	Post without Request Body called
[Thu Oct 29 17:27:09 MDT 2020] - INFO client.Client: 	Attempting to open connection to server
[Thu Oct 29 17:27:09 MDT 2020] - INFO client.Client: 	Connection opened to server
[Thu Oct 29 17:27:09 MDT 2020] - INFO client.Client: 	Setting passoffrequest method to POST
[Thu Oct 29 17:27:09 MDT 2020] - INFO client.Client: 	Request method set to POST
[Thu Oct 29 17:27:09 MDT 2020] - INFO client.Client: 	Setting Do Output to true
[Thu Oct 29 17:27:09 MDT 2020] - INFO client.Client: 	Do Output set to true
[Thu Oct 29 17:27:09 MDT 2020] - INFO client.Client: 	Connecting to server
[Thu Oct 29 17:27:09 MDT 2020] - INFO client.Client: 	Connected to server
[Thu Oct 29 17:27:09 MDT 2020] - INFO client.Client: 	Getting response code from server
[Thu Oct 29 17:27:09 MDT 2020] - INFO client.Client: 	Response code 200 returned
[Thu Oct 29 17:27:09 MDT 2020] - INFO client.Client: 	Getting input stream from server
[Thu Oct 29 17:27:09 MDT 2020] - INFO client.Client: 	Reading input stream into a string
[Thu Oct 29 17:27:09 MDT 2020] - INFO test.java.passoff.ServerTest: 	Running Realistic Fill Death Test...
[Thu Oct 29 17:27:09 MDT 2020] - INFO client.Proxy: 	Register called
[Thu Oct 29 17:27:09 MDT 2020] - INFO client.Client: 	Post with Request Body called
[Thu Oct 29 17:27:09 MDT 2020] - INFO client.Client: 	Attempting to open connection to server
[Thu Oct 29 17:27:09 MDT 2020] - INFO client.Client: 	Connection opened to server
[Thu Oct 29 17:27:09 MDT 2020] - INFO client.Client: 	Setting passoffrequest method to POST
[Thu Oct 29 17:27:09 MDT 2020] - INFO client.Client: 	Request method set to POST
[Thu Oct 29 17:27:09 MDT 2020] - INFO client.Client: 	Setting Do Output to true
[Thu Oct 29 17:27:09 MDT 2020] - INFO client.Client: 	Do Output set to true
[Thu Oct 29 17:27:09 MDT 2020] - INFO client.Client: 	Connecting to server
[Thu Oct 29 17:27:09 MDT 2020] - INFO client.Client: 	Connected to server
[Thu Oct 29 17:27:09 MDT 2020] - INFO client.Client: 	Opening output stream to server
[Thu Oct 29 17:27:09 MDT 2020] - INFO client.Client: 	Writing passoffrequest to server output stream
[Thu Oct 29 17:27:09 MDT 2020] - INFO client.Client: 	Request written to server output stream
[Thu Oct 29 17:27:09 MDT 2020] - INFO client.Client: 	Closing output stream to server
[Thu Oct 29 17:27:09 MDT 2020] - INFO client.Client: 	Output stream to server closed
[Thu Oct 29 17:27:09 MDT 2020] - INFO client.Client: 	Getting response code from server
[Thu Oct 29 17:27:09 MDT 2020] - INFO client.Client: 	Response code 200 returned
[Thu Oct 29 17:27:09 MDT 2020] - INFO client.Client: 	Getting input stream from server
[Thu Oct 29 17:27:09 MDT 2020] - INFO client.Client: 	Reading input stream into a string
[Thu Oct 29 17:27:09 MDT 2020] - INFO client.Proxy: 	Persons called
[Thu Oct 29 17:27:09 MDT 2020] - INFO client.Client: 	Get with Auth Token called
[Thu Oct 29 17:27:09 MDT 2020] - INFO client.Client: 	Attempting to open connection to server
[Thu Oct 29 17:27:09 MDT 2020] - INFO client.Client: 	Connection opened to server
[Thu Oct 29 17:27:09 MDT 2020] - INFO client.Client: 	Setting passoffrequest method to GET
[Thu Oct 29 17:27:09 MDT 2020] - INFO client.Client: 	Request method set to GET
[Thu Oct 29 17:27:09 MDT 2020] - INFO client.Client: 	Setting Do Output to false
[Thu Oct 29 17:27:09 MDT 2020] - INFO client.Client: 	Do Output set to false
[Thu Oct 29 17:27:09 MDT 2020] - INFO client.Client: 	Adding Auth token null
[Thu Oct 29 17:27:09 MDT 2020] - INFO client.Client: 	Auth token set to null
[Thu Oct 29 17:27:09 MDT 2020] - INFO client.Client: 	Connecting to server
[Thu Oct 29 17:27:09 MDT 2020] - INFO client.Client: 	Connected to server
[Thu Oct 29 17:27:09 MDT 2020] - INFO client.Client: 	Getting response code from server
[Thu Oct 29 17:27:09 MDT 2020] - INFO client.Client: 	Response code 400 returned
[Thu Oct 29 17:27:09 MDT 2020] - INFO client.Client: 	Getting input stream from server
[Thu Oct 29 17:27:09 MDT 2020] - INFO client.Client: 	Reading input stream into a string
[Thu Oct 29 17:27:09 MDT 2020] - INFO test.java.passoff.ServerTest: 	Setting up Login Invalid User Test...
[Thu Oct 29 17:27:09 MDT 2020] - INFO client.Proxy: 	Clear called
[Thu Oct 29 17:27:09 MDT 2020] - INFO client.Client: 	Post without Request Body called
[Thu Oct 29 17:27:09 MDT 2020] - INFO client.Client: 	Attempting to open connection to server
[Thu Oct 29 17:27:09 MDT 2020] - INFO client.Client: 	Connection opened to server
[Thu Oct 29 17:27:09 MDT 2020] - INFO client.Client: 	Setting passoffrequest method to POST
[Thu Oct 29 17:27:09 MDT 2020] - INFO client.Client: 	Request method set to POST
[Thu Oct 29 17:27:09 MDT 2020] - INFO client.Client: 	Setting Do Output to true
[Thu Oct 29 17:27:09 MDT 2020] - INFO client.Client: 	Do Output set to true
[Thu Oct 29 17:27:09 MDT 2020] - INFO client.Client: 	Connecting to server
[Thu Oct 29 17:27:09 MDT 2020] - INFO client.Client: 	Connected to server
[Thu Oct 29 17:27:09 MDT 2020] - INFO client.Client: 	Getting response code from server
[Thu Oct 29 17:27:09 MDT 2020] - INFO client.Client: 	Response code 200 returned
[Thu Oct 29 17:27:09 MDT 2020] - INFO client.Client: 	Getting input stream from server
[Thu Oct 29 17:27:09 MDT 2020] - INFO client.Client: 	Reading input stream into a string
[Thu Oct 29 17:27:09 MDT 2020] - INFO test.java.passoff.ServerTest: 	Running Login Invalid User Test...
[Thu Oct 29 17:27:09 MDT 2020] - INFO client.Proxy: 	Register called
[Thu Oct 29 17:27:09 MDT 2020] - INFO client.Client: 	Post with Request Body called
[Thu Oct 29 17:27:09 MDT 2020] - INFO client.Client: 	Attempting to open connection to server
[Thu Oct 29 17:27:09 MDT 2020] - INFO client.Client: 	Connection opened to server
[Thu Oct 29 17:27:09 MDT 2020] - INFO client.Client: 	Setting passoffrequest method to POST
[Thu Oct 29 17:27:09 MDT 2020] - INFO client.Client: 	Request method set to POST
[Thu Oct 29 17:27:09 MDT 2020] - INFO client.Client: 	Setting Do Output to true
[Thu Oct 29 17:27:09 MDT 2020] - INFO client.Client: 	Do Output set to true
[Thu Oct 29 17:27:09 MDT 2020] - INFO client.Client: 	Connecting to server
[Thu Oct 29 17:27:09 MDT 2020] - INFO client.Client: 	Connected to server
[Thu Oct 29 17:27:09 MDT 2020] - INFO client.Client: 	Opening output stream to server
[Thu Oct 29 17:27:09 MDT 2020] - INFO client.Client: 	Writing passoffrequest to server output stream
[Thu Oct 29 17:27:09 MDT 2020] - INFO client.Client: 	Request written to server output stream
[Thu Oct 29 17:27:09 MDT 2020] - INFO client.Client: 	Closing output stream to server
[Thu Oct 29 17:27:09 MDT 2020] - INFO client.Client: 	Output stream to server closed
[Thu Oct 29 17:27:09 MDT 2020] - INFO client.Client: 	Getting response code from server
[Thu Oct 29 17:27:09 MDT 2020] - INFO client.Client: 	Response code 200 returned
[Thu Oct 29 17:27:09 MDT 2020] - INFO client.Client: 	Getting input stream from server
[Thu Oct 29 17:27:09 MDT 2020] - INFO client.Client: 	Reading input stream into a string
[Thu Oct 29 17:27:09 MDT 2020] - INFO client.Proxy: 	Login called
[Thu Oct 29 17:27:09 MDT 2020] - INFO client.Client: 	Post with Request Body called
[Thu Oct 29 17:27:09 MDT 2020] - INFO client.Client: 	Attempting to open connection to server
[Thu Oct 29 17:27:09 MDT 2020] - INFO client.Client: 	Connection opened to server
[Thu Oct 29 17:27:09 MDT 2020] - INFO client.Client: 	Setting passoffrequest method to POST
[Thu Oct 29 17:27:09 MDT 2020] - INFO client.Client: 	Request method set to POST
[Thu Oct 29 17:27:09 MDT 2020] - INFO client.Client: 	Setting Do Output to true
[Thu Oct 29 17:27:09 MDT 2020] - INFO client.Client: 	Do Output set to true
[Thu Oct 29 17:27:09 MDT 2020] - INFO client.Client: 	Connecting to server
[Thu Oct 29 17:27:09 MDT 2020] - INFO client.Client: 	Connected to server
[Thu Oct 29 17:27:09 MDT 2020] - INFO client.Client: 	Opening output stream to server
[Thu Oct 29 17:27:09 MDT 2020] - INFO client.Client: 	Writing passoffrequest to server output stream
[Thu Oct 29 17:27:09 MDT 2020] - INFO client.Client: 	Request written to server output stream
[Thu Oct 29 17:27:09 MDT 2020] - INFO client.Client: 	Closing output stream to server
[Thu Oct 29 17:27:09 MDT 2020] - INFO client.Client: 	Output stream to server closed
[Thu Oct 29 17:27:09 MDT 2020] - INFO client.Client: 	Getting response code from server
